2019-11-22 08:22:35  [ main:0 ] - [ DEBUG ]  Logging initialized using 'class org.apache.ibatis.logging.slf4j.Slf4jImpl' adapter.
2019-11-22 08:22:35  [ main:102 ] - [ DEBUG ]  PooledDataSource forcefully closed/removed all connections.
2019-11-22 08:22:35  [ main:103 ] - [ DEBUG ]  PooledDataSource forcefully closed/removed all connections.
2019-11-22 08:22:35  [ main:104 ] - [ DEBUG ]  PooledDataSource forcefully closed/removed all connections.
2019-11-22 08:22:35  [ main:104 ] - [ DEBUG ]  PooledDataSource forcefully closed/removed all connections.
2019-11-22 08:22:36  [ main:451 ] - [ DEBUG ]  Opening JDBC Connection
2019-11-22 08:22:36  [ main:1025 ] - [ DEBUG ]  Created connection 1840976765.
2019-11-22 08:22:36  [ main:1026 ] - [ DEBUG ]  Setting autocommit to false on JDBC Connection [com.mysql.cj.jdbc.ConnectionImpl@6dbb137d]
2019-11-22 08:22:36  [ main:1056 ] - [ DEBUG ]  ==>  Preparing: select * from name.info 
2019-11-22 08:22:37  [ main:1183 ] - [ DEBUG ]  ==> Parameters: 
2019-11-22 08:22:37  [ main:1253 ] - [ DEBUG ]  <==      Total: 3
2019-11-22 08:24:03  [ main:0 ] - [ DEBUG ]  Logging initialized using 'class org.apache.ibatis.logging.slf4j.Slf4jImpl' adapter.
2019-11-22 08:24:03  [ main:58 ] - [ DEBUG ]  PooledDataSource forcefully closed/removed all connections.
2019-11-22 08:24:03  [ main:58 ] - [ DEBUG ]  PooledDataSource forcefully closed/removed all connections.
2019-11-22 08:24:03  [ main:59 ] - [ DEBUG ]  PooledDataSource forcefully closed/removed all connections.
2019-11-22 08:24:03  [ main:59 ] - [ DEBUG ]  PooledDataSource forcefully closed/removed all connections.
2019-11-22 08:24:03  [ main:214 ] - [ DEBUG ]  Opening JDBC Connection
2019-11-22 08:24:04  [ main:695 ] - [ DEBUG ]  Created connection 1840976765.
2019-11-22 08:24:04  [ main:696 ] - [ DEBUG ]  Setting autocommit to false on JDBC Connection [com.mysql.cj.jdbc.ConnectionImpl@6dbb137d]
2019-11-22 08:24:04  [ main:707 ] - [ DEBUG ]  ==>  Preparing: select * from name.info 
2019-11-22 08:24:04  [ main:774 ] - [ DEBUG ]  ==> Parameters: 
2019-11-22 08:24:04  [ main:846 ] - [ DEBUG ]  <==      Total: 3
2019-11-22 08:25:27  [ main:0 ] - [ DEBUG ]  Logging initialized using 'class org.apache.ibatis.logging.slf4j.Slf4jImpl' adapter.
2019-11-22 08:25:28  [ main:42 ] - [ DEBUG ]  PooledDataSource forcefully closed/removed all connections.
2019-11-22 08:25:28  [ main:43 ] - [ DEBUG ]  PooledDataSource forcefully closed/removed all connections.
2019-11-22 08:25:28  [ main:44 ] - [ DEBUG ]  PooledDataSource forcefully closed/removed all connections.
2019-11-22 08:25:28  [ main:44 ] - [ DEBUG ]  PooledDataSource forcefully closed/removed all connections.
2019-11-22 08:25:28  [ main:173 ] - [ DEBUG ]  Opening JDBC Connection
2019-11-22 08:25:28  [ main:409 ] - [ DEBUG ]  Created connection 831236296.
2019-11-22 08:25:28  [ main:410 ] - [ DEBUG ]  Setting autocommit to false on JDBC Connection [com.mysql.cj.jdbc.ConnectionImpl@318ba8c8]
2019-11-22 08:25:28  [ main:417 ] - [ DEBUG ]  ==>  Preparing: select * from name.info 
2019-11-22 08:25:28  [ main:474 ] - [ DEBUG ]  ==> Parameters: 
2019-11-22 08:25:28  [ main:530 ] - [ DEBUG ]  <==      Total: 3
2019-11-22 08:26:02  [main:1]-[DEBUG]  Logging initialized using 'class org.apache.ibatis.logging.slf4j.Slf4jImpl' adapter.
2019-11-22 08:26:02  [main:43]-[DEBUG]  PooledDataSource forcefully closed/removed all connections.
2019-11-22 08:26:02  [main:44]-[DEBUG]  PooledDataSource forcefully closed/removed all connections.
2019-11-22 08:26:02  [main:44]-[DEBUG]  PooledDataSource forcefully closed/removed all connections.
2019-11-22 08:26:02  [main:45]-[DEBUG]  PooledDataSource forcefully closed/removed all connections.
2019-11-22 08:26:02  [main:161]-[DEBUG]  Opening JDBC Connection
2019-11-22 08:26:02  [main:446]-[DEBUG]  Created connection 831236296.
2019-11-22 08:26:02  [main:447]-[DEBUG]  Setting autocommit to false on JDBC Connection [com.mysql.cj.jdbc.ConnectionImpl@318ba8c8]
2019-11-22 08:26:02  [main:454]-[DEBUG]  ==>  Preparing: select * from name.info 
2019-11-22 08:26:02  [main:506]-[DEBUG]  ==> Parameters: 
2019-11-22 08:26:02  [main:551]-[DEBUG]  <==      Total: 3
2019-11-22 08:26:42  [main:0]-[DEBUG]  Logging initialized using 'class org.apache.ibatis.logging.slf4j.Slf4jImpl' adapter.
2019-11-22 08:26:42  [main:41]-[DEBUG]  PooledDataSource forcefully closed/removed all connections.
2019-11-22 08:26:42  [main:41]-[DEBUG]  PooledDataSource forcefully closed/removed all connections.
2019-11-22 08:26:42  [main:41]-[DEBUG]  PooledDataSource forcefully closed/removed all connections.
2019-11-22 08:26:42  [main:42]-[DEBUG]  PooledDataSource forcefully closed/removed all connections.
2019-11-22 08:26:42  [main:139]-[DEBUG]  Opening JDBC Connection
2019-11-22 08:26:42  [main:389]-[DEBUG]  Created connection 831236296.
2019-11-22 08:26:42  [main:390]-[DEBUG]  Setting autocommit to false on JDBC Connection [com.mysql.cj.jdbc.ConnectionImpl@318ba8c8]
2019-11-22 08:26:42  [main:403]-[DEBUG]  ==>  Preparing: select * from name.info 
2019-11-22 08:26:42  [main:448]-[DEBUG]  ==> Parameters: 
2019-11-22 08:26:42  [main:484]-[DEBUG]  <==      Total: 3
2019-11-22 08:27:44  [main:0]-[DEBUG]  Logging initialized using 'class org.apache.ibatis.logging.slf4j.Slf4jImpl' adapter.
2019-11-22 08:27:44  [main:48]-[DEBUG]  PooledDataSource forcefully closed/removed all connections.
2019-11-22 08:27:44  [main:48]-[DEBUG]  PooledDataSource forcefully closed/removed all connections.
2019-11-22 08:27:44  [main:49]-[DEBUG]  PooledDataSource forcefully closed/removed all connections.
2019-11-22 08:27:44  [main:49]-[DEBUG]  PooledDataSource forcefully closed/removed all connections.
2019-11-22 08:27:45  [main:187]-[DEBUG]  Opening JDBC Connection
2019-11-22 08:27:45  [main:414]-[DEBUG]  Created connection 634540230.
2019-11-22 08:27:45  [main:414]-[DEBUG]  Setting autocommit to false on JDBC Connection [com.mysql.cj.jdbc.ConnectionImpl@25d250c6]
2019-11-22 08:27:45  [main:420]-[DEBUG]  ==>  Preparing: select * from name.info 
2019-11-22 08:27:45  [main:482]-[DEBUG]  ==> Parameters: 
2019-11-22 08:27:45  [main:553]-[DEBUG]  <==      Total: 3
2019-11-22 08:28:51  [main:0]-[DEBUG]  Logging initialized using 'class org.apache.ibatis.logging.slf4j.Slf4jImpl' adapter.
2019-11-22 08:28:51  [main:36]-[DEBUG]  PooledDataSource forcefully closed/removed all connections.
2019-11-22 08:28:51  [main:37]-[DEBUG]  PooledDataSource forcefully closed/removed all connections.
2019-11-22 08:28:51  [main:37]-[DEBUG]  PooledDataSource forcefully closed/removed all connections.
2019-11-22 08:28:51  [main:37]-[DEBUG]  PooledDataSource forcefully closed/removed all connections.
2019-11-22 08:28:51  [main:166]-[DEBUG]  Opening JDBC Connection
2019-11-22 08:28:51  [main:435]-[DEBUG]  Created connection 1826699684.
2019-11-22 08:28:51  [main:436]-[DEBUG]  Setting autocommit to false on JDBC Connection [com.mysql.cj.jdbc.ConnectionImpl@6ce139a4]
2019-11-22 08:28:51  [main:444]-[DEBUG]  ==>  Preparing: select * from name.info 
2019-11-22 08:28:51  [main:505]-[DEBUG]  ==> Parameters: 
2019-11-22 08:28:51  [main:583]-[DEBUG]  <==      Total: 3
2019-11-22 08:29:22  [main:0]-[DEBUG]  Logging initialized using 'class org.apache.ibatis.logging.slf4j.Slf4jImpl' adapter.
2019-11-22 08:29:22  [main:35]-[DEBUG]  PooledDataSource forcefully closed/removed all connections.
2019-11-22 08:29:22  [main:36]-[DEBUG]  PooledDataSource forcefully closed/removed all connections.
2019-11-22 08:29:22  [main:36]-[DEBUG]  PooledDataSource forcefully closed/removed all connections.
2019-11-22 08:29:22  [main:36]-[DEBUG]  PooledDataSource forcefully closed/removed all connections.
2019-11-22 08:29:22  [main:164]-[DEBUG]  Opening JDBC Connection
2019-11-22 08:29:23  [main:437]-[DEBUG]  Created connection 1826699684.
2019-11-22 08:29:23  [main:437]-[DEBUG]  Setting autocommit to false on JDBC Connection [com.mysql.cj.jdbc.ConnectionImpl@6ce139a4]
2019-11-22 08:29:23  [main:443]-[DEBUG]  ==>  Preparing: select * from name.info 
2019-11-22 08:29:23  [main:511]-[DEBUG]  ==> Parameters: 
2019-11-22 08:29:23  [main:559]-[DEBUG]  <==      Total: 3
2019-11-22 08:30:41  [main:0]-[DEBUG]  Logging initialized using 'class org.apache.ibatis.logging.slf4j.Slf4jImpl' adapter.
2019-11-22 08:30:41  [main:39]-[DEBUG]  PooledDataSource forcefully closed/removed all connections.
2019-11-22 08:30:41  [main:40]-[DEBUG]  PooledDataSource forcefully closed/removed all connections.
2019-11-22 08:30:41  [main:40]-[DEBUG]  PooledDataSource forcefully closed/removed all connections.
2019-11-22 08:30:41  [main:41]-[DEBUG]  PooledDataSource forcefully closed/removed all connections.
2019-11-22 08:30:41  [main:160]-[DEBUG]  Opening JDBC Connection
2019-11-22 08:30:41  [main:398]-[DEBUG]  Created connection 634540230.
2019-11-22 08:30:41  [main:399]-[DEBUG]  Setting autocommit to false on JDBC Connection [com.mysql.cj.jdbc.ConnectionImpl@25d250c6]
2019-11-22 08:30:41  [main:405]-[DEBUG]  ==>  Preparing: select * from name.info 
2019-11-22 08:30:41  [main:457]-[DEBUG]  ==> Parameters: 
2019-11-22 08:30:41  [main:504]-[DEBUG]  <==      Total: 3
